  ClientBank.cpp
C:\Users\asus\source\repos\ClientBank\ClientBank\ClientBank.cpp(58,20): warning C4566: character represented by universal-character-name '\u2713' cannot be represented in the current code page (1252)
C:\Users\asus\source\repos\ClientBank\ClientBank\ClientBank.cpp(58,20): warning C4566: character represented by universal-character-name '\u0410' cannot be represented in the current code page (1252)
C:\Users\asus\source\repos\ClientBank\ClientBank\ClientBank.cpp(58,20): warning C4566: character represented by universal-character-name '\u043A' cannot be represented in the current code page (1252)
C:\Users\asus\source\repos\ClientBank\ClientBank\ClientBank.cpp(58,20): warning C4566: character represented by universal-character-name '\u0430' cannot be represented in the current code page (1252)
C:\Users\asus\source\repos\ClientBank\ClientBank\ClientBank.cpp(58,20): warning C4566: character represented by universal-character-name '\u0443' cannot be represented in the current code page (1252)
C:\Users\asus\source\repos\ClientBank\ClientBank\ClientBank.cpp(58,20): warning C4566: character represented by universal-character-name '\u043D' cannot be represented in the current code page (1252)
C:\Users\asus\source\repos\ClientBank\ClientBank\ClientBank.cpp(58,20): warning C4566: character represented by universal-character-name '\u0442' cannot be represented in the current code page (1252)
C:\Users\asus\source\repos\ClientBank\ClientBank\ClientBank.cpp(58,20): warning C4566: character represented by universal-character-name '\u0434' cannot be represented in the current code page (1252)
C:\Users\asus\source\repos\ClientBank\ClientBank\ClientBank.cpp(58,20): warning C4566: character represented by universal-character-name '\u043E' cannot be represented in the current code page (1252)
C:\Users\asus\source\repos\ClientBank\ClientBank\ClientBank.cpp(58,20): warning C4566: character represented by universal-character-name '\u0431' cannot be represented in the current code page (1252)
C:\Users\asus\source\repos\ClientBank\ClientBank\ClientBank.cpp(58,20): warning C4566: character represented by universal-character-name '\u0432' cannot be represented in the current code page (1252)
C:\Users\asus\source\repos\ClientBank\ClientBank\ClientBank.cpp(58,20): warning C4566: character represented by universal-character-name '\u0435' cannot be represented in the current code page (1252)
C:\Users\asus\source\repos\ClientBank\ClientBank\ClientBank.cpp(58,20): warning C4566: character represented by universal-character-name '\u0441' cannot be represented in the current code page (1252)
C:\Users\asus\source\repos\ClientBank\ClientBank\ClientBank.cpp(58,20): warning C4566: character represented by universal-character-name '\u043F' cannot be represented in the current code page (1252)
C:\Users\asus\source\repos\ClientBank\ClientBank\ClientBank.cpp(58,20): warning C4566: character represented by universal-character-name '\u0448' cannot be represented in the current code page (1252)
C:\Users\asus\source\repos\ClientBank\ClientBank\ClientBank.cpp(61,20): warning C4566: character represented by universal-character-name '\u2717' cannot be represented in the current code page (1252)
C:\Users\asus\source\repos\ClientBank\ClientBank\ClientBank.cpp(61,20): warning C4566: character represented by universal-character-name '\u041D' cannot be represented in the current code page (1252)
C:\Users\asus\source\repos\ClientBank\ClientBank\ClientBank.cpp(61,20): warning C4566: character represented by universal-character-name '\u0435' cannot be represented in the current code page (1252)
C:\Users\asus\source\repos\ClientBank\ClientBank\ClientBank.cpp(61,20): warning C4566: character represented by universal-character-name '\u043C' cannot be represented in the current code page (1252)
C:\Users\asus\source\repos\ClientBank\ClientBank\ClientBank.cpp(61,20): warning C4566: character represented by universal-character-name '\u043E' cannot be represented in the current code page (1252)
C:\Users\asus\source\repos\ClientBank\ClientBank\ClientBank.cpp(61,20): warning C4566: character represented by universal-character-name '\u0433' cannot be represented in the current code page (1252)
C:\Users\asus\source\repos\ClientBank\ClientBank\ClientBank.cpp(61,20): warning C4566: character represented by universal-character-name '\u0430' cannot be represented in the current code page (1252)
C:\Users\asus\source\repos\ClientBank\ClientBank\ClientBank.cpp(61,20): warning C4566: character represented by universal-character-name '\u0434' cannot be represented in the current code page (1252)
C:\Users\asus\source\repos\ClientBank\ClientBank\ClientBank.cpp(61,20): warning C4566: character represented by universal-character-name '\u0431' cannot be represented in the current code page (1252)
C:\Users\asus\source\repos\ClientBank\ClientBank\ClientBank.cpp(61,20): warning C4566: character represented by universal-character-name '\u0432' cannot be represented in the current code page (1252)
C:\Users\asus\source\repos\ClientBank\ClientBank\ClientBank.cpp(61,20): warning C4566: character represented by universal-character-name '\u044F' cannot be represented in the current code page (1252)
C:\Users\asus\source\repos\ClientBank\ClientBank\ClientBank.cpp(61,20): warning C4566: character represented by universal-character-name '\u043F' cannot be represented in the current code page (1252)
C:\Users\asus\source\repos\ClientBank\ClientBank\ClientBank.cpp(61,20): warning C4566: character represented by universal-character-name '\u0447' cannot be represented in the current code page (1252)
C:\Users\asus\source\repos\ClientBank\ClientBank\ClientBank.cpp(61,20): warning C4566: character represented by universal-character-name '\u043A' cannot be represented in the current code page (1252)
C:\Users\asus\source\repos\ClientBank\ClientBank\ClientBank.cpp(61,20): warning C4566: character represented by universal-character-name '\u0443' cannot be represented in the current code page (1252)
C:\Users\asus\source\repos\ClientBank\ClientBank\ClientBank.cpp(61,20): warning C4566: character represented by universal-character-name '\u043D' cannot be represented in the current code page (1252)
C:\Users\asus\source\repos\ClientBank\ClientBank\ClientBank.cpp(61,20): warning C4566: character represented by universal-character-name '\u0442' cannot be represented in the current code page (1252)
C:\Users\asus\source\repos\ClientBank\ClientBank\ClientBank.cpp(61,20): warning C4566: character represented by universal-character-name '\u0438' cannot be represented in the current code page (1252)
C:\Users\asus\source\repos\ClientBank\ClientBank\ClientBank.cpp(72,24): warning C4566: character represented by universal-character-name '\u2713' cannot be represented in the current code page (1252)
C:\Users\asus\source\repos\ClientBank\ClientBank\ClientBank.cpp(72,24): warning C4566: character represented by universal-character-name '\u0410' cannot be represented in the current code page (1252)
C:\Users\asus\source\repos\ClientBank\ClientBank\ClientBank.cpp(72,24): warning C4566: character represented by universal-character-name '\u043A' cannot be represented in the current code page (1252)
C:\Users\asus\source\repos\ClientBank\ClientBank\ClientBank.cpp(72,24): warning C4566: character represented by universal-character-name '\u0430' cannot be represented in the current code page (1252)
C:\Users\asus\source\repos\ClientBank\ClientBank\ClientBank.cpp(72,24): warning C4566: character represented by universal-character-name '\u0443' cannot be represented in the current code page (1252)
C:\Users\asus\source\repos\ClientBank\ClientBank\ClientBank.cpp(72,24): warning C4566: character represented by universal-character-name '\u043D' cannot be represented in the current code page (1252)
C:\Users\asus\source\repos\ClientBank\ClientBank\ClientBank.cpp(72,24): warning C4566: character represented by universal-character-name '\u0442' cannot be represented in the current code page (1252)
C:\Users\asus\source\repos\ClientBank\ClientBank\ClientBank.cpp(72,24): warning C4566: character represented by universal-character-name '\u0438' cannot be represented in the current code page (1252)
C:\Users\asus\source\repos\ClientBank\ClientBank\ClientBank.cpp(72,24): warning C4566: character represented by universal-character-name '\u0437' cannot be represented in the current code page (1252)
C:\Users\asus\source\repos\ClientBank\ClientBank\ClientBank.cpp(72,24): warning C4566: character represented by universal-character-name '\u0440' cannot be represented in the current code page (1252)
C:\Users\asus\source\repos\ClientBank\ClientBank\ClientBank.cpp(72,24): warning C4566: character represented by universal-character-name '\u0441' cannot be represented in the current code page (1252)
C:\Users\asus\source\repos\ClientBank\ClientBank\ClientBank.cpp(72,24): warning C4566: character represented by universal-character-name '\u043F' cannot be represented in the current code page (1252)
C:\Users\asus\source\repos\ClientBank\ClientBank\ClientBank.cpp(72,24): warning C4566: character represented by universal-character-name '\u0435' cannot be represented in the current code page (1252)
C:\Users\asus\source\repos\ClientBank\ClientBank\ClientBank.cpp(72,24): warning C4566: character represented by universal-character-name '\u0448' cannot be represented in the current code page (1252)
C:\Users\asus\source\repos\ClientBank\ClientBank\ClientBank.cpp(72,24): warning C4566: character represented by universal-character-name '\u043E' cannot be represented in the current code page (1252)
C:\Users\asus\source\repos\ClientBank\ClientBank\ClientBank.cpp(76,16): warning C4566: character represented by universal-character-name '\u2717' cannot be represented in the current code page (1252)
C:\Users\asus\source\repos\ClientBank\ClientBank\ClientBank.cpp(76,16): warning C4566: character represented by universal-character-name '\u0410' cannot be represented in the current code page (1252)
C:\Users\asus\source\repos\ClientBank\ClientBank\ClientBank.cpp(76,16): warning C4566: character represented by universal-character-name '\u043A' cannot be represented in the current code page (1252)
C:\Users\asus\source\repos\ClientBank\ClientBank\ClientBank.cpp(76,16): warning C4566: character represented by universal-character-name '\u0430' cannot be represented in the current code page (1252)
C:\Users\asus\source\repos\ClientBank\ClientBank\ClientBank.cpp(76,16): warning C4566: character represented by universal-character-name '\u0443' cannot be represented in the current code page (1252)
C:\Users\asus\source\repos\ClientBank\ClientBank\ClientBank.cpp(76,16): warning C4566: character represented by universal-character-name '\u043D' cannot be represented in the current code page (1252)
C:\Users\asus\source\repos\ClientBank\ClientBank\ClientBank.cpp(76,16): warning C4566: character represented by universal-character-name '\u0442' cannot be represented in the current code page (1252)
C:\Users\asus\source\repos\ClientBank\ClientBank\ClientBank.cpp(76,16): warning C4566: character represented by universal-character-name '\u0435' cannot be represented in the current code page (1252)
C:\Users\asus\source\repos\ClientBank\ClientBank\ClientBank.cpp(76,16): warning C4566: character represented by universal-character-name '\u043C' cannot be represented in the current code page (1252)
C:\Users\asus\source\repos\ClientBank\ClientBank\ClientBank.cpp(76,16): warning C4566: character represented by universal-character-name '\u0440' cannot be represented in the current code page (1252)
C:\Users\asus\source\repos\ClientBank\ClientBank\ClientBank.cpp(92,20): warning C4566: character represented by universal-character-name '\u2713' cannot be represented in the current code page (1252)
C:\Users\asus\source\repos\ClientBank\ClientBank\ClientBank.cpp(92,20): warning C4566: character represented by universal-character-name '\u0414' cannot be represented in the current code page (1252)
C:\Users\asus\source\repos\ClientBank\ClientBank\ClientBank.cpp(92,20): warning C4566: character represented by universal-character-name '\u0435' cannot be represented in the current code page (1252)
C:\Users\asus\source\repos\ClientBank\ClientBank\ClientBank.cpp(92,20): warning C4566: character represented by universal-character-name '\u043F' cannot be represented in the current code page (1252)
C:\Users\asus\source\repos\ClientBank\ClientBank\ClientBank.cpp(92,20): warning C4566: character represented by universal-character-name '\u043E' cannot be represented in the current code page (1252)
C:\Users\asus\source\repos\ClientBank\ClientBank\ClientBank.cpp(92,20): warning C4566: character represented by universal-character-name '\u0437' cannot be represented in the current code page (1252)
C:\Users\asus\source\repos\ClientBank\ClientBank\ClientBank.cpp(92,20): warning C4566: character represented by universal-character-name '\u0438' cannot be represented in the current code page (1252)
C:\Users\asus\source\repos\ClientBank\ClientBank\ClientBank.cpp(92,20): warning C4566: character represented by universal-character-name '\u0442' cannot be represented in the current code page (1252)
C:\Users\asus\source\repos\ClientBank\ClientBank\ClientBank.cpp(92,20): warning C4566: character represented by universal-character-name '\u0443' cannot be represented in the current code page (1252)
C:\Users\asus\source\repos\ClientBank\ClientBank\ClientBank.cpp(92,20): warning C4566: character represented by universal-character-name '\u0441' cannot be represented in the current code page (1252)
C:\Users\asus\source\repos\ClientBank\ClientBank\ClientBank.cpp(92,20): warning C4566: character represented by universal-character-name '\u0448' cannot be represented in the current code page (1252)
C:\Users\asus\source\repos\ClientBank\ClientBank\ClientBank.cpp(92,20): warning C4566: character represented by universal-character-name '\u043D' cannot be represented in the current code page (1252)
C:\Users\asus\source\repos\ClientBank\ClientBank\ClientBank.cpp(95,20): warning C4566: character represented by universal-character-name '\u2717' cannot be represented in the current code page (1252)
C:\Users\asus\source\repos\ClientBank\ClientBank\ClientBank.cpp(95,20): warning C4566: character represented by universal-character-name '\u0410' cannot be represented in the current code page (1252)
C:\Users\asus\source\repos\ClientBank\ClientBank\ClientBank.cpp(95,20): warning C4566: character represented by universal-character-name '\u043A' cannot be represented in the current code page (1252)
C:\Users\asus\source\repos\ClientBank\ClientBank\ClientBank.cpp(95,20): warning C4566: character represented by universal-character-name '\u0430' cannot be represented in the current code page (1252)
C:\Users\asus\source\repos\ClientBank\ClientBank\ClientBank.cpp(95,20): warning C4566: character represented by universal-character-name '\u0443' cannot be represented in the current code page (1252)
C:\Users\asus\source\repos\ClientBank\ClientBank\ClientBank.cpp(95,20): warning C4566: character represented by universal-character-name '\u043D' cannot be represented in the current code page (1252)
C:\Users\asus\source\repos\ClientBank\ClientBank\ClientBank.cpp(95,20): warning C4566: character represented by universal-character-name '\u0442' cannot be represented in the current code page (1252)
C:\Users\asus\source\repos\ClientBank\ClientBank\ClientBank.cpp(95,20): warning C4566: character represented by universal-character-name '\u0435' cannot be represented in the current code page (1252)
C:\Users\asus\source\repos\ClientBank\ClientBank\ClientBank.cpp(95,20): warning C4566: character represented by universal-character-name '\u043C' cannot be represented in the current code page (1252)
C:\Users\asus\source\repos\ClientBank\ClientBank\ClientBank.cpp(95,20): warning C4566: character represented by universal-character-name '\u0440' cannot be represented in the current code page (1252)
C:\Users\asus\source\repos\ClientBank\ClientBank\ClientBank.cpp(104,24): warning C4566: character represented by universal-character-name '\u2713' cannot be represented in the current code page (1252)
C:\Users\asus\source\repos\ClientBank\ClientBank\ClientBank.cpp(104,24): warning C4566: character represented by universal-character-name '\u0422' cannot be represented in the current code page (1252)
C:\Users\asus\source\repos\ClientBank\ClientBank\ClientBank.cpp(104,24): warning C4566: character represented by universal-character-name '\u0435' cannot be represented in the current code page (1252)
C:\Users\asus\source\repos\ClientBank\ClientBank\ClientBank.cpp(104,24): warning C4566: character represented by universal-character-name '\u0433' cannot be represented in the current code page (1252)
C:\Users\asus\source\repos\ClientBank\ClientBank\ClientBank.cpp(104,24): warning C4566: character represented by universal-character-name '\u043B' cannot be represented in the current code page (1252)
C:\Users\asus\source\repos\ClientBank\ClientBank\ClientBank.cpp(104,24): warning C4566: character represented by universal-character-name '\u043D' cannot be represented in the current code page (1252)
C:\Users\asus\source\repos\ClientBank\ClientBank\ClientBank.cpp(104,24): warning C4566: character represented by universal-character-name '\u043E' cannot be represented in the current code page (1252)
C:\Users\asus\source\repos\ClientBank\ClientBank\ClientBank.cpp(104,24): warning C4566: character represented by universal-character-name '\u0442' cannot be represented in the current code page (1252)
C:\Users\asus\source\repos\ClientBank\ClientBank\ClientBank.cpp(104,24): warning C4566: character represented by universal-character-name '\u0443' cannot be represented in the current code page (1252)
C:\Users\asus\source\repos\ClientBank\ClientBank\ClientBank.cpp(104,24): warning C4566: character represented by universal-character-name '\u0441' cannot be represented in the current code page (1252)
C:\Users\asus\source\repos\ClientBank\ClientBank\ClientBank.cpp(104,24): warning C4566: character represented by universal-character-name '\u043F' cannot be represented in the current code page (1252)
C:\Users\asus\source\repos\ClientBank\ClientBank\ClientBank.cpp(104,24): warning C4566: character represented by universal-character-name '\u0448' cannot be represented in the current code page (1252)
C:\Users\asus\source\repos\ClientBank\ClientBank\ClientBank.cpp(107,24): warning C4566: character represented by universal-character-name '\u2717' cannot be represented in the current code page (1252)
C:\Users\asus\source\repos\ClientBank\ClientBank\ClientBank.cpp(107,24): warning C4566: character represented by universal-character-name '\u041D' cannot be represented in the current code page (1252)
C:\Users\asus\source\repos\ClientBank\ClientBank\ClientBank.cpp(107,24): warning C4566: character represented by universal-character-name '\u0435' cannot be represented in the current code page (1252)
C:\Users\asus\source\repos\ClientBank\ClientBank\ClientBank.cpp(107,24): warning C4566: character represented by universal-character-name '\u0434' cannot be represented in the current code page (1252)
C:\Users\asus\source\repos\ClientBank\ClientBank\ClientBank.cpp(107,24): warning C4566: character represented by universal-character-name '\u043E' cannot be represented in the current code page (1252)
C:\Users\asus\source\repos\ClientBank\ClientBank\ClientBank.cpp(107,24): warning C4566: character represented by universal-character-name '\u0441' cannot be represented in the current code page (1252)
C:\Users\asus\source\repos\ClientBank\ClientBank\ClientBank.cpp(107,24): warning C4566: character represented by universal-character-name '\u0442' cannot be represented in the current code page (1252)
C:\Users\asus\source\repos\ClientBank\ClientBank\ClientBank.cpp(107,24): warning C4566: character represented by universal-character-name '\u0430' cannot be represented in the current code page (1252)
C:\Users\asus\source\repos\ClientBank\ClientBank\ClientBank.cpp(107,24): warning C4566: character represented by universal-character-name '\u044A' cannot be represented in the current code page (1252)
C:\Users\asus\source\repos\ClientBank\ClientBank\ClientBank.cpp(107,24): warning C4566: character represented by universal-character-name '\u0447' cannot be represented in the current code page (1252)
C:\Users\asus\source\repos\ClientBank\ClientBank\ClientBank.cpp(107,24): warning C4566: character represented by universal-character-name '\u043D' cannot be represented in the current code page (1252)
C:\Users\asus\source\repos\ClientBank\ClientBank\ClientBank.cpp(107,24): warning C4566: character represented by universal-character-name '\u0438' cannot be represented in the current code page (1252)
C:\Users\asus\source\repos\ClientBank\ClientBank\ClientBank.cpp(107,24): warning C4566: character represented by universal-character-name '\u0440' cannot be represented in the current code page (1252)
C:\Users\asus\source\repos\ClientBank\ClientBank\ClientBank.cpp(107,24): warning C4566: character represented by universal-character-name '\u0432' cannot be represented in the current code page (1252)
C:\Users\asus\source\repos\ClientBank\ClientBank\ClientBank.cpp(111,20): warning C4566: character represented by universal-character-name '\u2717' cannot be represented in the current code page (1252)
C:\Users\asus\source\repos\ClientBank\ClientBank\ClientBank.cpp(111,20): warning C4566: character represented by universal-character-name '\u0410' cannot be represented in the current code page (1252)
C:\Users\asus\source\repos\ClientBank\ClientBank\ClientBank.cpp(111,20): warning C4566: character represented by universal-character-name '\u043A' cannot be represented in the current code page (1252)
C:\Users\asus\source\repos\ClientBank\ClientBank\ClientBank.cpp(111,20): warning C4566: character represented by universal-character-name '\u0430' cannot be represented in the current code page (1252)
C:\Users\asus\source\repos\ClientBank\ClientBank\ClientBank.cpp(111,20): warning C4566: character represented by universal-character-name '\u0443' cannot be represented in the current code page (1252)
C:\Users\asus\source\repos\ClientBank\ClientBank\ClientBank.cpp(111,20): warning C4566: character represented by universal-character-name '\u043D' cannot be represented in the current code page (1252)
C:\Users\asus\source\repos\ClientBank\ClientBank\ClientBank.cpp(111,20): warning C4566: character represented by universal-character-name '\u0442' cannot be represented in the current code page (1252)
C:\Users\asus\source\repos\ClientBank\ClientBank\ClientBank.cpp(111,20): warning C4566: character represented by universal-character-name '\u0435' cannot be represented in the current code page (1252)
C:\Users\asus\source\repos\ClientBank\ClientBank\ClientBank.cpp(111,20): warning C4566: character represented by universal-character-name '\u043C' cannot be represented in the current code page (1252)
C:\Users\asus\source\repos\ClientBank\ClientBank\ClientBank.cpp(111,20): warning C4566: character represented by universal-character-name '\u0440' cannot be represented in the current code page (1252)
C:\Users\asus\source\repos\ClientBank\ClientBank\ClientBank.cpp(125,16): warning C4566: character represented by universal-character-name '\u041A' cannot be represented in the current code page (1252)
C:\Users\asus\source\repos\ClientBank\ClientBank\ClientBank.cpp(125,16): warning C4566: character represented by universal-character-name '\u043B' cannot be represented in the current code page (1252)
C:\Users\asus\source\repos\ClientBank\ClientBank\ClientBank.cpp(125,16): warning C4566: character represented by universal-character-name '\u0438' cannot be represented in the current code page (1252)
C:\Users\asus\source\repos\ClientBank\ClientBank\ClientBank.cpp(125,16): warning C4566: character represented by universal-character-name '\u0435' cannot be represented in the current code page (1252)
C:\Users\asus\source\repos\ClientBank\ClientBank\ClientBank.cpp(125,16): warning C4566: character represented by universal-character-name '\u043D' cannot be represented in the current code page (1252)
C:\Users\asus\source\repos\ClientBank\ClientBank\ClientBank.cpp(125,16): warning C4566: character represented by universal-character-name '\u0442' cannot be represented in the current code page (1252)
C:\Users\asus\source\repos\ClientBank\ClientBank\ClientBank.cpp(126,16): warning C4566: character represented by universal-character-name '\u041D' cannot be represented in the current code page (1252)
C:\Users\asus\source\repos\ClientBank\ClientBank\ClientBank.cpp(126,16): warning C4566: character represented by universal-character-name '\u043E' cannot be represented in the current code page (1252)
C:\Users\asus\source\repos\ClientBank\ClientBank\ClientBank.cpp(126,16): warning C4566: character represented by universal-character-name '\u043C' cannot be represented in the current code page (1252)
C:\Users\asus\source\repos\ClientBank\ClientBank\ClientBank.cpp(126,16): warning C4566: character represented by universal-character-name '\u0435' cannot be represented in the current code page (1252)
C:\Users\asus\source\repos\ClientBank\ClientBank\ClientBank.cpp(126,16): warning C4566: character represented by universal-character-name '\u0440' cannot be represented in the current code page (1252)
C:\Users\asus\source\repos\ClientBank\ClientBank\ClientBank.cpp(126,16): warning C4566: character represented by universal-character-name '\u043D' cannot be represented in the current code page (1252)
C:\Users\asus\source\repos\ClientBank\ClientBank\ClientBank.cpp(126,16): warning C4566: character represented by universal-character-name '\u0430' cannot be represented in the current code page (1252)
C:\Users\asus\source\repos\ClientBank\ClientBank\ClientBank.cpp(126,16): warning C4566: character represented by universal-character-name '\u043A' cannot be represented in the current code page (1252)
C:\Users\asus\source\repos\ClientBank\ClientBank\ClientBank.cpp(126,16): warning C4566: character represented by universal-character-name '\u043B' cannot be represented in the current code page (1252)
C:\Users\asus\source\repos\ClientBank\ClientBank\ClientBank.cpp(126,16): warning C4566: character represented by universal-character-name '\u0438' cannot be represented in the current code page (1252)
C:\Users\asus\source\repos\ClientBank\ClientBank\ClientBank.cpp(126,16): warning C4566: character represented by universal-character-name '\u0442' cannot be represented in the current code page (1252)
C:\Users\asus\source\repos\ClientBank\ClientBank\ClientBank.cpp(127,16): warning C4566: character represented by universal-character-name '\u0411' cannot be represented in the current code page (1252)
C:\Users\asus\source\repos\ClientBank\ClientBank\ClientBank.cpp(127,16): warning C4566: character represented by universal-character-name '\u0440' cannot be represented in the current code page (1252)
C:\Users\asus\source\repos\ClientBank\ClientBank\ClientBank.cpp(127,16): warning C4566: character represented by universal-character-name '\u043E' cannot be represented in the current code page (1252)
C:\Users\asus\source\repos\ClientBank\ClientBank\ClientBank.cpp(127,16): warning C4566: character represented by universal-character-name '\u0439' cannot be represented in the current code page (1252)
C:\Users\asus\source\repos\ClientBank\ClientBank\ClientBank.cpp(127,16): warning C4566: character represented by universal-character-name '\u0430' cannot be represented in the current code page (1252)
C:\Users\asus\source\repos\ClientBank\ClientBank\ClientBank.cpp(127,16): warning C4566: character represented by universal-character-name '\u043A' cannot be represented in the current code page (1252)
C:\Users\asus\source\repos\ClientBank\ClientBank\ClientBank.cpp(127,16): warning C4566: character represented by universal-character-name '\u0443' cannot be represented in the current code page (1252)
C:\Users\asus\source\repos\ClientBank\ClientBank\ClientBank.cpp(127,16): warning C4566: character represented by universal-character-name '\u043D' cannot be represented in the current code page (1252)
C:\Users\asus\source\repos\ClientBank\ClientBank\ClientBank.cpp(127,16): warning C4566: character represented by universal-character-name '\u0442' cannot be represented in the current code page (1252)
C:\Users\asus\source\repos\ClientBank\ClientBank\ClientBank.cpp(127,16): warning C4566: character represented by universal-character-name '\u0438' cannot be represented in the current code page (1252)
C:\Users\asus\source\repos\ClientBank\ClientBank\ClientBank.cpp(130,20): warning C4566: character represented by universal-character-name '\u0410' cannot be represented in the current code page (1252)
C:\Users\asus\source\repos\ClientBank\ClientBank\ClientBank.cpp(130,20): warning C4566: character represented by universal-character-name '\u043A' cannot be represented in the current code page (1252)
C:\Users\asus\source\repos\ClientBank\ClientBank\ClientBank.cpp(130,20): warning C4566: character represented by universal-character-name '\u0430' cannot be represented in the current code page (1252)
C:\Users\asus\source\repos\ClientBank\ClientBank\ClientBank.cpp(130,20): warning C4566: character represented by universal-character-name '\u0443' cannot be represented in the current code page (1252)
C:\Users\asus\source\repos\ClientBank\ClientBank\ClientBank.cpp(130,20): warning C4566: character represented by universal-character-name '\u043D' cannot be represented in the current code page (1252)
C:\Users\asus\source\repos\ClientBank\ClientBank\ClientBank.cpp(130,20): warning C4566: character represented by universal-character-name '\u0442' cannot be represented in the current code page (1252)
C:\Users\asus\source\repos\ClientBank\ClientBank\ClientBank.cpp(130,20): warning C4566: character represented by universal-character-name '\u0438' cannot be represented in the current code page (1252)
C:\Users\asus\source\repos\ClientBank\ClientBank\ClientBank.cpp(132,24): warning C4566: character represented by universal-character-name '\u041D' cannot be represented in the current code page (1252)
C:\Users\asus\source\repos\ClientBank\ClientBank\ClientBank.cpp(132,24): warning C4566: character represented by universal-character-name '\u043E' cannot be represented in the current code page (1252)
C:\Users\asus\source\repos\ClientBank\ClientBank\ClientBank.cpp(132,24): warning C4566: character represented by universal-character-name '\u043C' cannot be represented in the current code page (1252)
C:\Users\asus\source\repos\ClientBank\ClientBank\ClientBank.cpp(132,24): warning C4566: character represented by universal-character-name '\u0435' cannot be represented in the current code page (1252)
C:\Users\asus\source\repos\ClientBank\ClientBank\ClientBank.cpp(132,24): warning C4566: character represented by universal-character-name '\u0440' cannot be represented in the current code page (1252)
C:\Users\asus\source\repos\ClientBank\ClientBank\ClientBank.cpp(132,24): warning C4566: character represented by universal-character-name '\u0421' cannot be represented in the current code page (1252)
C:\Users\asus\source\repos\ClientBank\ClientBank\ClientBank.cpp(132,24): warning C4566: character represented by universal-character-name '\u0430' cannot be represented in the current code page (1252)
C:\Users\asus\source\repos\ClientBank\ClientBank\ClientBank.cpp(132,24): warning C4566: character represented by universal-character-name '\u043B' cannot be represented in the current code page (1252)
C:\Users\asus\source\repos\ClientBank\ClientBank\ClientBank.cpp(132,24): warning C4566: character represented by universal-character-name '\u0434' cannot be represented in the current code page (1252)
C:\Users\asus\source\repos\ClientBank\ClientBank\ClientBank.cpp(136,20): warning C4566: character represented by universal-character-name '\u041E' cannot be represented in the current code page (1252)
C:\Users\asus\source\repos\ClientBank\ClientBank\ClientBank.cpp(136,20): warning C4566: character represented by universal-character-name '\u0431' cannot be represented in the current code page (1252)
C:\Users\asus\source\repos\ClientBank\ClientBank\ClientBank.cpp(136,20): warning C4566: character represented by universal-character-name '\u0449' cannot be represented in the current code page (1252)
C:\Users\asus\source\repos\ClientBank\ClientBank\ClientBank.cpp(136,20): warning C4566: character represented by universal-character-name '\u043E' cannot be represented in the current code page (1252)
C:\Users\asus\source\repos\ClientBank\ClientBank\ClientBank.cpp(136,20): warning C4566: character represented by universal-character-name '\u0441' cannot be represented in the current code page (1252)
C:\Users\asus\source\repos\ClientBank\ClientBank\ClientBank.cpp(136,20): warning C4566: character represented by universal-character-name '\u0430' cannot be represented in the current code page (1252)
C:\Users\asus\source\repos\ClientBank\ClientBank\ClientBank.cpp(136,20): warning C4566: character represented by universal-character-name '\u043B' cannot be represented in the current code page (1252)
C:\Users\asus\source\repos\ClientBank\ClientBank\ClientBank.cpp(136,20): warning C4566: character represented by universal-character-name '\u0434' cannot be represented in the current code page (1252)
C:\Users\asus\source\repos\ClientBank\ClientBank\ClientBank.cpp(139,20): warning C4566: character represented by universal-character-name '\u041D' cannot be represented in the current code page (1252)
C:\Users\asus\source\repos\ClientBank\ClientBank\ClientBank.cpp(139,20): warning C4566: character represented by universal-character-name '\u044F' cannot be represented in the current code page (1252)
C:\Users\asus\source\repos\ClientBank\ClientBank\ClientBank.cpp(139,20): warning C4566: character represented by universal-character-name '\u043C' cannot be represented in the current code page (1252)
C:\Users\asus\source\repos\ClientBank\ClientBank\ClientBank.cpp(139,20): warning C4566: character represented by universal-character-name '\u0430' cannot be represented in the current code page (1252)
C:\Users\asus\source\repos\ClientBank\ClientBank\ClientBank.cpp(139,20): warning C4566: character represented by universal-character-name '\u043A' cannot be represented in the current code page (1252)
C:\Users\asus\source\repos\ClientBank\ClientBank\ClientBank.cpp(139,20): warning C4566: character represented by universal-character-name '\u0443' cannot be represented in the current code page (1252)
C:\Users\asus\source\repos\ClientBank\ClientBank\ClientBank.cpp(139,20): warning C4566: character represented by universal-character-name '\u043D' cannot be represented in the current code page (1252)
C:\Users\asus\source\repos\ClientBank\ClientBank\ClientBank.cpp(139,20): warning C4566: character represented by universal-character-name '\u0442' cannot be represented in the current code page (1252)
C:\Users\asus\source\repos\ClientBank\ClientBank\ClientBank.cpp(139,20): warning C4566: character represented by universal-character-name '\u0438' cannot be represented in the current code page (1252)
C:\Users\asus\source\repos\ClientBank\ClientBank\ClientBank.cpp(176,20): warning C4566: character represented by universal-character-name '\u2713' cannot be represented in the current code page (1252)
C:\Users\asus\source\repos\ClientBank\ClientBank\ClientBank.cpp(176,20): warning C4566: character represented by universal-character-name '\u041A' cannot be represented in the current code page (1252)
C:\Users\asus\source\repos\ClientBank\ClientBank\ClientBank.cpp(176,20): warning C4566: character represented by universal-character-name '\u043B' cannot be represented in the current code page (1252)
C:\Users\asus\source\repos\ClientBank\ClientBank\ClientBank.cpp(176,20): warning C4566: character represented by universal-character-name '\u0438' cannot be represented in the current code page (1252)
C:\Users\asus\source\repos\ClientBank\ClientBank\ClientBank.cpp(176,20): warning C4566: character represented by universal-character-name '\u0435' cannot be represented in the current code page (1252)
C:\Users\asus\source\repos\ClientBank\ClientBank\ClientBank.cpp(176,20): warning C4566: character represented by universal-character-name '\u043D' cannot be represented in the current code page (1252)
C:\Users\asus\source\repos\ClientBank\ClientBank\ClientBank.cpp(176,20): warning C4566: character represented by universal-character-name '\u0442' cannot be represented in the current code page (1252)
C:\Users\asus\source\repos\ClientBank\ClientBank\ClientBank.cpp(176,20): warning C4566: character represented by universal-character-name '\u0434' cannot be represented in the current code page (1252)
C:\Users\asus\source\repos\ClientBank\ClientBank\ClientBank.cpp(176,20): warning C4566: character represented by universal-character-name '\u043E' cannot be represented in the current code page (1252)
C:\Users\asus\source\repos\ClientBank\ClientBank\ClientBank.cpp(176,20): warning C4566: character represented by universal-character-name '\u0431' cannot be represented in the current code page (1252)
C:\Users\asus\source\repos\ClientBank\ClientBank\ClientBank.cpp(176,20): warning C4566: character represented by universal-character-name '\u0430' cannot be represented in the current code page (1252)
C:\Users\asus\source\repos\ClientBank\ClientBank\ClientBank.cpp(176,20): warning C4566: character represented by universal-character-name '\u0432' cannot be represented in the current code page (1252)
C:\Users\asus\source\repos\ClientBank\ClientBank\ClientBank.cpp(176,20): warning C4566: character represented by universal-character-name '\u0443' cannot be represented in the current code page (1252)
C:\Users\asus\source\repos\ClientBank\ClientBank\ClientBank.cpp(176,20): warning C4566: character represented by universal-character-name '\u0441' cannot be represented in the current code page (1252)
C:\Users\asus\source\repos\ClientBank\ClientBank\ClientBank.cpp(176,20): warning C4566: character represented by universal-character-name '\u043F' cannot be represented in the current code page (1252)
C:\Users\asus\source\repos\ClientBank\ClientBank\ClientBank.cpp(176,20): warning C4566: character represented by universal-character-name '\u0448' cannot be represented in the current code page (1252)
C:\Users\asus\source\repos\ClientBank\ClientBank\ClientBank.cpp(179,20): warning C4566: character represented by universal-character-name '\u2717' cannot be represented in the current code page (1252)
C:\Users\asus\source\repos\ClientBank\ClientBank\ClientBank.cpp(179,20): warning C4566: character represented by universal-character-name '\u041D' cannot be represented in the current code page (1252)
C:\Users\asus\source\repos\ClientBank\ClientBank\ClientBank.cpp(179,20): warning C4566: character represented by universal-character-name '\u0435' cannot be represented in the current code page (1252)
C:\Users\asus\source\repos\ClientBank\ClientBank\ClientBank.cpp(179,20): warning C4566: character represented by universal-character-name '\u043C' cannot be represented in the current code page (1252)
C:\Users\asus\source\repos\ClientBank\ClientBank\ClientBank.cpp(179,20): warning C4566: character represented by universal-character-name '\u043E' cannot be represented in the current code page (1252)
C:\Users\asus\source\repos\ClientBank\ClientBank\ClientBank.cpp(179,20): warning C4566: character represented by universal-character-name '\u0433' cannot be represented in the current code page (1252)
C:\Users\asus\source\repos\ClientBank\ClientBank\ClientBank.cpp(179,20): warning C4566: character represented by universal-character-name '\u0430' cannot be represented in the current code page (1252)
C:\Users\asus\source\repos\ClientBank\ClientBank\ClientBank.cpp(179,20): warning C4566: character represented by universal-character-name '\u0434' cannot be represented in the current code page (1252)
C:\Users\asus\source\repos\ClientBank\ClientBank\ClientBank.cpp(179,20): warning C4566: character represented by universal-character-name '\u0431' cannot be represented in the current code page (1252)
C:\Users\asus\source\repos\ClientBank\ClientBank\ClientBank.cpp(179,20): warning C4566: character represented by universal-character-name '\u0432' cannot be represented in the current code page (1252)
C:\Users\asus\source\repos\ClientBank\ClientBank\ClientBank.cpp(179,20): warning C4566: character represented by universal-character-name '\u044F' cannot be represented in the current code page (1252)
C:\Users\asus\source\repos\ClientBank\ClientBank\ClientBank.cpp(179,20): warning C4566: character represented by universal-character-name '\u043D' cannot be represented in the current code page (1252)
C:\Users\asus\source\repos\ClientBank\ClientBank\ClientBank.cpp(179,20): warning C4566: character represented by universal-character-name '\u0438' cannot be represented in the current code page (1252)
C:\Users\asus\source\repos\ClientBank\ClientBank\ClientBank.cpp(179,20): warning C4566: character represented by universal-character-name '\u043A' cannot be represented in the current code page (1252)
C:\Users\asus\source\repos\ClientBank\ClientBank\ClientBank.cpp(179,20): warning C4566: character represented by universal-character-name '\u043B' cannot be represented in the current code page (1252)
C:\Users\asus\source\repos\ClientBank\ClientBank\ClientBank.cpp(179,20): warning C4566: character represented by universal-character-name '\u0442' cannot be represented in the current code page (1252)
C:\Users\asus\source\repos\ClientBank\ClientBank\ClientBank.cpp(179,20): warning C4566: character represented by universal-character-name '\u0411' cannot be represented in the current code page (1252)
C:\Users\asus\source\repos\ClientBank\ClientBank\ClientBank.cpp(179,20): warning C4566: character represented by universal-character-name '\u043F' cannot be represented in the current code page (1252)
C:\Users\asus\source\repos\ClientBank\ClientBank\ClientBank.cpp(179,20): warning C4566: character represented by universal-character-name '\u044A' cannot be represented in the current code page (1252)
C:\Users\asus\source\repos\ClientBank\ClientBank\ClientBank.cpp(190,24): warning C4566: character represented by universal-character-name '\u2713' cannot be represented in the current code page (1252)
C:\Users\asus\source\repos\ClientBank\ClientBank\ClientBank.cpp(190,24): warning C4566: character represented by universal-character-name '\u041A' cannot be represented in the current code page (1252)
C:\Users\asus\source\repos\ClientBank\ClientBank\ClientBank.cpp(190,24): warning C4566: character represented by universal-character-name '\u043B' cannot be represented in the current code page (1252)
C:\Users\asus\source\repos\ClientBank\ClientBank\ClientBank.cpp(190,24): warning C4566: character represented by universal-character-name '\u0438' cannot be represented in the current code page (1252)
C:\Users\asus\source\repos\ClientBank\ClientBank\ClientBank.cpp(190,24): warning C4566: character represented by universal-character-name '\u0435' cannot be represented in the current code page (1252)
C:\Users\asus\source\repos\ClientBank\ClientBank\ClientBank.cpp(190,24): warning C4566: character represented by universal-character-name '\u043D' cannot be represented in the current code page (1252)
C:\Users\asus\source\repos\ClientBank\ClientBank\ClientBank.cpp(190,24): warning C4566: character represented by universal-character-name '\u0442' cannot be represented in the current code page (1252)
C:\Users\asus\source\repos\ClientBank\ClientBank\ClientBank.cpp(190,24): warning C4566: character represented by universal-character-name '\u0437' cannot be represented in the current code page (1252)
C:\Users\asus\source\repos\ClientBank\ClientBank\ClientBank.cpp(190,24): warning C4566: character represented by universal-character-name '\u0440' cannot be represented in the current code page (1252)
C:\Users\asus\source\repos\ClientBank\ClientBank\ClientBank.cpp(190,24): warning C4566: character represented by universal-character-name '\u0443' cannot be represented in the current code page (1252)
C:\Users\asus\source\repos\ClientBank\ClientBank\ClientBank.cpp(190,24): warning C4566: character represented by universal-character-name '\u0441' cannot be represented in the current code page (1252)
C:\Users\asus\source\repos\ClientBank\ClientBank\ClientBank.cpp(190,24): warning C4566: character represented by universal-character-name '\u043F' cannot be represented in the current code page (1252)
C:\Users\asus\source\repos\ClientBank\ClientBank\ClientBank.cpp(190,24): warning C4566: character represented by universal-character-name '\u0448' cannot be represented in the current code page (1252)
C:\Users\asus\source\repos\ClientBank\ClientBank\ClientBank.cpp(190,24): warning C4566: character represented by universal-character-name '\u043E' cannot be represented in the current code page (1252)
C:\Users\asus\source\repos\ClientBank\ClientBank\ClientBank.cpp(194,16): warning C4566: character represented by universal-character-name '\u2717' cannot be represented in the current code page (1252)
C:\Users\asus\source\repos\ClientBank\ClientBank\ClientBank.cpp(194,16): warning C4566: character represented by universal-character-name '\u041A' cannot be represented in the current code page (1252)
C:\Users\asus\source\repos\ClientBank\ClientBank\ClientBank.cpp(194,16): warning C4566: character represented by universal-character-name '\u043B' cannot be represented in the current code page (1252)
C:\Users\asus\source\repos\ClientBank\ClientBank\ClientBank.cpp(194,16): warning C4566: character represented by universal-character-name '\u0438' cannot be represented in the current code page (1252)
C:\Users\asus\source\repos\ClientBank\ClientBank\ClientBank.cpp(194,16): warning C4566: character represented by universal-character-name '\u0435' cannot be represented in the current code page (1252)
C:\Users\asus\source\repos\ClientBank\ClientBank\ClientBank.cpp(194,16): warning C4566: character represented by universal-character-name '\u043D' cannot be represented in the current code page (1252)
C:\Users\asus\source\repos\ClientBank\ClientBank\ClientBank.cpp(194,16): warning C4566: character represented by universal-character-name '\u0442' cannot be represented in the current code page (1252)
C:\Users\asus\source\repos\ClientBank\ClientBank\ClientBank.cpp(194,16): warning C4566: character represented by universal-character-name '\u0430' cannot be represented in the current code page (1252)
C:\Users\asus\source\repos\ClientBank\ClientBank\ClientBank.cpp(194,16): warning C4566: character represented by universal-character-name '\u043C' cannot be represented in the current code page (1252)
C:\Users\asus\source\repos\ClientBank\ClientBank\ClientBank.cpp(194,16): warning C4566: character represented by universal-character-name '\u0440' cannot be represented in the current code page (1252)
C:\Users\asus\source\repos\ClientBank\ClientBank\ClientBank.cpp(198,16): warning C4566: character represented by universal-character-name '\u2554' cannot be represented in the current code page (1252)
C:\Users\asus\source\repos\ClientBank\ClientBank\ClientBank.cpp(198,16): warning C4566: character represented by universal-character-name '\u2550' cannot be represented in the current code page (1252)
C:\Users\asus\source\repos\ClientBank\ClientBank\ClientBank.cpp(198,16): warning C4566: character represented by universal-character-name '\u2557' cannot be represented in the current code page (1252)
C:\Users\asus\source\repos\ClientBank\ClientBank\ClientBank.cpp(199,16): warning C4566: character represented by universal-character-name '\u2551' cannot be represented in the current code page (1252)
C:\Users\asus\source\repos\ClientBank\ClientBank\ClientBank.cpp(199,16): warning C4566: character represented by universal-character-name '\u0418' cannot be represented in the current code page (1252)
C:\Users\asus\source\repos\ClientBank\ClientBank\ClientBank.cpp(199,16): warning C4566: character represented by universal-character-name '\u041D' cannot be represented in the current code page (1252)
C:\Users\asus\source\repos\ClientBank\ClientBank\ClientBank.cpp(199,16): warning C4566: character represented by universal-character-name '\u0424' cannot be represented in the current code page (1252)
C:\Users\asus\source\repos\ClientBank\ClientBank\ClientBank.cpp(199,16): warning C4566: character represented by universal-character-name '\u041E' cannot be represented in the current code page (1252)
C:\Users\asus\source\repos\ClientBank\ClientBank\ClientBank.cpp(199,16): warning C4566: character represented by universal-character-name '\u0420' cannot be represented in the current code page (1252)
C:\Users\asus\source\repos\ClientBank\ClientBank\ClientBank.cpp(199,16): warning C4566: character represented by universal-character-name '\u041C' cannot be represented in the current code page (1252)
C:\Users\asus\source\repos\ClientBank\ClientBank\ClientBank.cpp(199,16): warning C4566: character represented by universal-character-name '\u0410' cannot be represented in the current code page (1252)
C:\Users\asus\source\repos\ClientBank\ClientBank\ClientBank.cpp(199,16): warning C4566: character represented by universal-character-name '\u0426' cannot be represented in the current code page (1252)
C:\Users\asus\source\repos\ClientBank\ClientBank\ClientBank.cpp(199,16): warning C4566: character represented by universal-character-name '\u042F' cannot be represented in the current code page (1252)
C:\Users\asus\source\repos\ClientBank\ClientBank\ClientBank.cpp(199,16): warning C4566: character represented by universal-character-name '\u0417' cannot be represented in the current code page (1252)
C:\Users\asus\source\repos\ClientBank\ClientBank\ClientBank.cpp(199,16): warning C4566: character represented by universal-character-name '\u0412' cannot be represented in the current code page (1252)
C:\Users\asus\source\repos\ClientBank\ClientBank\ClientBank.cpp(199,16): warning C4566: character represented by universal-character-name '\u0421' cannot be represented in the current code page (1252)
C:\Users\asus\source\repos\ClientBank\ClientBank\ClientBank.cpp(199,16): warning C4566: character represented by universal-character-name '\u0427' cannot be represented in the current code page (1252)
C:\Users\asus\source\repos\ClientBank\ClientBank\ClientBank.cpp(199,16): warning C4566: character represented by universal-character-name '\u041A' cannot be represented in the current code page (1252)
C:\Users\asus\source\repos\ClientBank\ClientBank\ClientBank.cpp(199,16): warning C4566: character represented by universal-character-name '\u041B' cannot be represented in the current code page (1252)
C:\Users\asus\source\repos\ClientBank\ClientBank\ClientBank.cpp(199,16): warning C4566: character represented by universal-character-name '\u0415' cannot be represented in the current code page (1252)
C:\Users\asus\source\repos\ClientBank\ClientBank\ClientBank.cpp(199,16): warning C4566: character represented by universal-character-name '\u0422' cannot be represented in the current code page (1252)
C:\Users\asus\source\repos\ClientBank\ClientBank\ClientBank.cpp(200,16): warning C4566: character represented by universal-character-name '\u255A' cannot be represented in the current code page (1252)
C:\Users\asus\source\repos\ClientBank\ClientBank\ClientBank.cpp(200,16): warning C4566: character represented by universal-character-name '\u2550' cannot be represented in the current code page (1252)
C:\Users\asus\source\repos\ClientBank\ClientBank\ClientBank.cpp(200,16): warning C4566: character represented by universal-character-name '\u255D' cannot be represented in the current code page (1252)
C:\Users\asus\source\repos\ClientBank\ClientBank\ClientBank.cpp(203,20): warning C4566: character represented by universal-character-name '\u041D' cannot be represented in the current code page (1252)
C:\Users\asus\source\repos\ClientBank\ClientBank\ClientBank.cpp(203,20): warning C4566: character represented by universal-character-name '\u044F' cannot be represented in the current code page (1252)
C:\Users\asus\source\repos\ClientBank\ClientBank\ClientBank.cpp(203,20): warning C4566: character represented by universal-character-name '\u043C' cannot be represented in the current code page (1252)
C:\Users\asus\source\repos\ClientBank\ClientBank\ClientBank.cpp(203,20): warning C4566: character represented by universal-character-name '\u0430' cannot be represented in the current code page (1252)
C:\Users\asus\source\repos\ClientBank\ClientBank\ClientBank.cpp(203,20): warning C4566: character represented by universal-character-name '\u0440' cannot be represented in the current code page (1252)
C:\Users\asus\source\repos\ClientBank\ClientBank\ClientBank.cpp(203,20): warning C4566: character represented by universal-character-name '\u0435' cannot be represented in the current code page (1252)
C:\Users\asus\source\repos\ClientBank\ClientBank\ClientBank.cpp(203,20): warning C4566: character represented by universal-character-name '\u0433' cannot be represented in the current code page (1252)
C:\Users\asus\source\repos\ClientBank\ClientBank\ClientBank.cpp(203,20): warning C4566: character represented by universal-character-name '\u0438' cannot be represented in the current code page (1252)
C:\Users\asus\source\repos\ClientBank\ClientBank\ClientBank.cpp(203,20): warning C4566: character represented by universal-character-name '\u0441' cannot be represented in the current code page (1252)
C:\Users\asus\source\repos\ClientBank\ClientBank\ClientBank.cpp(203,20): warning C4566: character represented by universal-character-name '\u0442' cannot be represented in the current code page (1252)
C:\Users\asus\source\repos\ClientBank\ClientBank\ClientBank.cpp(203,20): warning C4566: character represented by universal-character-name '\u043D' cannot be represented in the current code page (1252)
C:\Users\asus\source\repos\ClientBank\ClientBank\ClientBank.cpp(203,20): warning C4566: character represented by universal-character-name '\u043A' cannot be represented in the current code page (1252)
C:\Users\asus\source\repos\ClientBank\ClientBank\ClientBank.cpp(203,20): warning C4566: character represented by universal-character-name '\u043B' cannot be represented in the current code page (1252)
C:\Users\asus\source\repos\ClientBank\ClientBank\ClientBank.cpp(207,16): warning C4566: character represented by universal-character-name '\u041E' cannot be represented in the current code page (1252)
C:\Users\asus\source\repos\ClientBank\ClientBank\ClientBank.cpp(207,16): warning C4566: character represented by universal-character-name '\u0431' cannot be represented in the current code page (1252)
C:\Users\asus\source\repos\ClientBank\ClientBank\ClientBank.cpp(207,16): warning C4566: character represented by universal-character-name '\u0449' cannot be represented in the current code page (1252)
C:\Users\asus\source\repos\ClientBank\ClientBank\ClientBank.cpp(207,16): warning C4566: character represented by universal-character-name '\u043E' cannot be represented in the current code page (1252)
C:\Users\asus\source\repos\ClientBank\ClientBank\ClientBank.cpp(207,16): warning C4566: character represented by universal-character-name '\u043A' cannot be represented in the current code page (1252)
C:\Users\asus\source\repos\ClientBank\ClientBank\ClientBank.cpp(207,16): warning C4566: character represented by universal-character-name '\u043B' cannot be represented in the current code page (1252)
C:\Users\asus\source\repos\ClientBank\ClientBank\ClientBank.cpp(207,16): warning C4566: character represented by universal-character-name '\u0438' cannot be represented in the current code page (1252)
C:\Users\asus\source\repos\ClientBank\ClientBank\ClientBank.cpp(207,16): warning C4566: character represented by universal-character-name '\u0435' cannot be represented in the current code page (1252)
C:\Users\asus\source\repos\ClientBank\ClientBank\ClientBank.cpp(207,16): warning C4566: character represented by universal-character-name '\u043D' cannot be represented in the current code page (1252)
C:\Users\asus\source\repos\ClientBank\ClientBank\ClientBank.cpp(207,16): warning C4566: character represented by universal-character-name '\u0442' cannot be represented in the current code page (1252)
C:\Users\asus\source\repos\ClientBank\ClientBank\ClientBank.cpp(233,16): warning C4566: character represented by universal-character-name '\u2554' cannot be represented in the current code page (1252)
C:\Users\asus\source\repos\ClientBank\ClientBank\ClientBank.cpp(233,16): warning C4566: character represented by universal-character-name '\u2550' cannot be represented in the current code page (1252)
C:\Users\asus\source\repos\ClientBank\ClientBank\ClientBank.cpp(233,16): warning C4566: character represented by universal-character-name '\u2557' cannot be represented in the current code page (1252)
C:\Users\asus\source\repos\ClientBank\ClientBank\ClientBank.cpp(234,16): warning C4566: character represented by universal-character-name '\u2551' cannot be represented in the current code page (1252)
C:\Users\asus\source\repos\ClientBank\ClientBank\ClientBank.cpp(234,16): warning C4566: character represented by universal-character-name '\u041E' cannot be represented in the current code page (1252)
C:\Users\asus\source\repos\ClientBank\ClientBank\ClientBank.cpp(234,16): warning C4566: character represented by universal-character-name '\u0411' cannot be represented in the current code page (1252)
C:\Users\asus\source\repos\ClientBank\ClientBank\ClientBank.cpp(234,16): warning C4566: character represented by universal-character-name '\u0429' cannot be represented in the current code page (1252)
C:\Users\asus\source\repos\ClientBank\ClientBank\ClientBank.cpp(234,16): warning C4566: character represented by universal-character-name '\u0415' cannot be represented in the current code page (1252)
C:\Users\asus\source\repos\ClientBank\ClientBank\ClientBank.cpp(234,16): warning C4566: character represented by universal-character-name '\u041D' cannot be represented in the current code page (1252)
C:\Users\asus\source\repos\ClientBank\ClientBank\ClientBank.cpp(234,16): warning C4566: character represented by universal-character-name '\u0418' cannot be represented in the current code page (1252)
C:\Users\asus\source\repos\ClientBank\ClientBank\ClientBank.cpp(234,16): warning C4566: character represented by universal-character-name '\u0410' cannot be represented in the current code page (1252)
C:\Users\asus\source\repos\ClientBank\ClientBank\ClientBank.cpp(234,16): warning C4566: character represented by universal-character-name '\u041A' cannot be represented in the current code page (1252)
C:\Users\asus\source\repos\ClientBank\ClientBank\ClientBank.cpp(234,16): warning C4566: character represented by universal-character-name '\u0422' cannot be represented in the current code page (1252)
C:\Users\asus\source\repos\ClientBank\ClientBank\ClientBank.cpp(235,16): warning C4566: character represented by universal-character-name '\u255A' cannot be represented in the current code page (1252)
C:\Users\asus\source\repos\ClientBank\ClientBank\ClientBank.cpp(235,16): warning C4566: character represented by universal-character-name '\u2550' cannot be represented in the current code page (1252)
C:\Users\asus\source\repos\ClientBank\ClientBank\ClientBank.cpp(235,16): warning C4566: character represented by universal-character-name '\u255D' cannot be represented in the current code page (1252)
C:\Users\asus\source\repos\ClientBank\ClientBank\ClientBank.cpp(236,16): warning C4566: character represented by universal-character-name '\u0411' cannot be represented in the current code page (1252)
C:\Users\asus\source\repos\ClientBank\ClientBank\ClientBank.cpp(236,16): warning C4566: character represented by universal-character-name '\u0440' cannot be represented in the current code page (1252)
C:\Users\asus\source\repos\ClientBank\ClientBank\ClientBank.cpp(236,16): warning C4566: character represented by universal-character-name '\u043E' cannot be represented in the current code page (1252)
C:\Users\asus\source\repos\ClientBank\ClientBank\ClientBank.cpp(236,16): warning C4566: character represented by universal-character-name '\u0439' cannot be represented in the current code page (1252)
C:\Users\asus\source\repos\ClientBank\ClientBank\ClientBank.cpp(236,16): warning C4566: character represented by universal-character-name '\u043A' cannot be represented in the current code page (1252)
C:\Users\asus\source\repos\ClientBank\ClientBank\ClientBank.cpp(236,16): warning C4566: character represented by universal-character-name '\u043B' cannot be represented in the current code page (1252)
C:\Users\asus\source\repos\ClientBank\ClientBank\ClientBank.cpp(236,16): warning C4566: character represented by universal-character-name '\u0438' cannot be represented in the current code page (1252)
C:\Users\asus\source\repos\ClientBank\ClientBank\ClientBank.cpp(236,16): warning C4566: character represented by universal-character-name '\u0435' cannot be represented in the current code page (1252)
C:\Users\asus\source\repos\ClientBank\ClientBank\ClientBank.cpp(236,16): warning C4566: character represented by universal-character-name '\u043D' cannot be represented in the current code page (1252)
C:\Users\asus\source\repos\ClientBank\ClientBank\ClientBank.cpp(236,16): warning C4566: character represented by universal-character-name '\u0442' cannot be represented in the current code page (1252)
C:\Users\asus\source\repos\ClientBank\ClientBank\ClientBank.cpp(237,16): warning C4566: character represented by universal-character-name '\u0412' cannot be represented in the current code page (1252)
C:\Users\asus\source\repos\ClientBank\ClientBank\ClientBank.cpp(237,16): warning C4566: character represented by universal-character-name '\u043C' cannot be represented in the current code page (1252)
C:\Users\asus\source\repos\ClientBank\ClientBank\ClientBank.cpp(237,16): warning C4566: character represented by universal-character-name '\u0435' cannot be represented in the current code page (1252)
C:\Users\asus\source\repos\ClientBank\ClientBank\ClientBank.cpp(237,16): warning C4566: character represented by universal-character-name '\u0441' cannot be represented in the current code page (1252)
C:\Users\asus\source\repos\ClientBank\ClientBank\ClientBank.cpp(237,16): warning C4566: character represented by universal-character-name '\u0442' cannot be represented in the current code page (1252)
C:\Users\asus\source\repos\ClientBank\ClientBank\ClientBank.cpp(237,16): warning C4566: character represented by universal-character-name '\u0438' cannot be represented in the current code page (1252)
C:\Users\asus\source\repos\ClientBank\ClientBank\ClientBank.cpp(237,16): warning C4566: character represented by universal-character-name '\u043E' cannot be represented in the current code page (1252)
C:\Users\asus\source\repos\ClientBank\ClientBank\ClientBank.cpp(238,16): warning C4566: character represented by universal-character-name '\u0421' cannot be represented in the current code page (1252)
C:\Users\asus\source\repos\ClientBank\ClientBank\ClientBank.cpp(238,16): warning C4566: character represented by universal-character-name '\u0432' cannot be represented in the current code page (1252)
C:\Users\asus\source\repos\ClientBank\ClientBank\ClientBank.cpp(238,16): warning C4566: character represented by universal-character-name '\u043E' cannot be represented in the current code page (1252)
C:\Users\asus\source\repos\ClientBank\ClientBank\ClientBank.cpp(238,16): warning C4566: character represented by universal-character-name '\u0431' cannot be represented in the current code page (1252)
C:\Users\asus\source\repos\ClientBank\ClientBank\ClientBank.cpp(238,16): warning C4566: character represented by universal-character-name '\u0434' cannot be represented in the current code page (1252)
C:\Users\asus\source\repos\ClientBank\ClientBank\ClientBank.cpp(238,16): warning C4566: character represented by universal-character-name '\u043D' cannot be represented in the current code page (1252)
C:\Users\asus\source\repos\ClientBank\ClientBank\ClientBank.cpp(238,16): warning C4566: character represented by universal-character-name '\u0438' cannot be represented in the current code page (1252)
C:\Users\asus\source\repos\ClientBank\ClientBank\ClientBank.cpp(238,16): warning C4566: character represented by universal-character-name '\u043C' cannot be represented in the current code page (1252)
C:\Users\asus\source\repos\ClientBank\ClientBank\ClientBank.cpp(238,16): warning C4566: character represented by universal-character-name '\u0435' cannot be represented in the current code page (1252)
C:\Users\asus\source\repos\ClientBank\ClientBank\ClientBank.cpp(238,16): warning C4566: character represented by universal-character-name '\u0441' cannot be represented in the current code page (1252)
C:\Users\asus\source\repos\ClientBank\ClientBank\ClientBank.cpp(238,16): warning C4566: character represented by universal-character-name '\u0442' cannot be represented in the current code page (1252)
C:\Users\asus\source\repos\ClientBank\ClientBank\ClientBank.cpp(238,16): warning C4566: character represented by universal-character-name '\u0430' cannot be represented in the current code page (1252)
C:\Users\asus\source\repos\ClientBank\ClientBank\ClientBank.cpp(239,16): warning C4566: character represented by universal-character-name '\u041E' cannot be represented in the current code page (1252)
C:\Users\asus\source\repos\ClientBank\ClientBank\ClientBank.cpp(239,16): warning C4566: character represented by universal-character-name '\u0431' cannot be represented in the current code page (1252)
C:\Users\asus\source\repos\ClientBank\ClientBank\ClientBank.cpp(239,16): warning C4566: character represented by universal-character-name '\u0449' cannot be represented in the current code page (1252)
C:\Users\asus\source\repos\ClientBank\ClientBank\ClientBank.cpp(239,16): warning C4566: character represented by universal-character-name '\u043E' cannot be represented in the current code page (1252)
C:\Users\asus\source\repos\ClientBank\ClientBank\ClientBank.cpp(239,16): warning C4566: character represented by universal-character-name '\u0441' cannot be represented in the current code page (1252)
C:\Users\asus\source\repos\ClientBank\ClientBank\ClientBank.cpp(239,16): warning C4566: character represented by universal-character-name '\u0430' cannot be represented in the current code page (1252)
C:\Users\asus\source\repos\ClientBank\ClientBank\ClientBank.cpp(239,16): warning C4566: character represented by universal-character-name '\u043B' cannot be represented in the current code page (1252)
C:\Users\asus\source\repos\ClientBank\ClientBank\ClientBank.cpp(239,16): warning C4566: character represented by universal-character-name '\u0434' cannot be represented in the current code page (1252)
C:\Users\asus\source\repos\ClientBank\ClientBank\ClientBank.cpp(239,16): warning C4566: character represented by universal-character-name '\u043D' cannot be represented in the current code page (1252)
C:\Users\asus\source\repos\ClientBank\ClientBank\ClientBank.cpp(239,16): warning C4566: character represented by universal-character-name '\u043A' cannot be represented in the current code page (1252)
C:\Users\asus\source\repos\ClientBank\ClientBank\ClientBank.cpp(239,16): warning C4566: character represented by universal-character-name '\u0442' cannot be represented in the current code page (1252)
C:\Users\asus\source\repos\ClientBank\ClientBank\ClientBank.cpp(240,16): warning C4566: character represented by universal-character-name '\u2550' cannot be represented in the current code page (1252)
C:\Users\asus\source\repos\ClientBank\ClientBank\ClientBank.cpp(245,12): warning C4566: character represented by universal-character-name '\u2554' cannot be represented in the current code page (1252)
C:\Users\asus\source\repos\ClientBank\ClientBank\ClientBank.cpp(245,12): warning C4566: character represented by universal-character-name '\u2550' cannot be represented in the current code page (1252)
C:\Users\asus\source\repos\ClientBank\ClientBank\ClientBank.cpp(245,12): warning C4566: character represented by universal-character-name '\u2557' cannot be represented in the current code page (1252)
C:\Users\asus\source\repos\ClientBank\ClientBank\ClientBank.cpp(246,12): warning C4566: character represented by universal-character-name '\u2551' cannot be represented in the current code page (1252)
C:\Users\asus\source\repos\ClientBank\ClientBank\ClientBank.cpp(246,12): warning C4566: character represented by universal-character-name '\u0421' cannot be represented in the current code page (1252)
C:\Users\asus\source\repos\ClientBank\ClientBank\ClientBank.cpp(246,12): warning C4566: character represented by universal-character-name '\u0418' cannot be represented in the current code page (1252)
C:\Users\asus\source\repos\ClientBank\ClientBank\ClientBank.cpp(246,12): warning C4566: character represented by universal-character-name '\u0422' cannot be represented in the current code page (1252)
C:\Users\asus\source\repos\ClientBank\ClientBank\ClientBank.cpp(246,12): warning C4566: character represented by universal-character-name '\u0415' cannot be represented in the current code page (1252)
C:\Users\asus\source\repos\ClientBank\ClientBank\ClientBank.cpp(246,12): warning C4566: character represented by universal-character-name '\u041C' cannot be represented in the current code page (1252)
C:\Users\asus\source\repos\ClientBank\ClientBank\ClientBank.cpp(246,12): warning C4566: character represented by universal-character-name '\u0410' cannot be represented in the current code page (1252)
C:\Users\asus\source\repos\ClientBank\ClientBank\ClientBank.cpp(246,12): warning C4566: character represented by universal-character-name '\u0417' cannot be represented in the current code page (1252)
C:\Users\asus\source\repos\ClientBank\ClientBank\ClientBank.cpp(246,12): warning C4566: character represented by universal-character-name '\u0423' cannot be represented in the current code page (1252)
C:\Users\asus\source\repos\ClientBank\ClientBank\ClientBank.cpp(246,12): warning C4566: character represented by universal-character-name '\u041F' cannot be represented in the current code page (1252)
C:\Users\asus\source\repos\ClientBank\ClientBank\ClientBank.cpp(246,12): warning C4566: character represented by universal-character-name '\u0420' cannot be represented in the current code page (1252)
C:\Users\asus\source\repos\ClientBank\ClientBank\ClientBank.cpp(246,12): warning C4566: character represented by universal-character-name '\u0412' cannot be represented in the current code page (1252)
C:\Users\asus\source\repos\ClientBank\ClientBank\ClientBank.cpp(246,12): warning C4566: character represented by universal-character-name '\u041B' cannot be represented in the current code page (1252)
C:\Users\asus\source\repos\ClientBank\ClientBank\ClientBank.cpp(246,12): warning C4566: character represented by universal-character-name '\u041D' cannot be represented in the current code page (1252)
C:\Users\asus\source\repos\ClientBank\ClientBank\ClientBank.cpp(246,12): warning C4566: character represented by universal-character-name '\u0411' cannot be represented in the current code page (1252)
C:\Users\asus\source\repos\ClientBank\ClientBank\ClientBank.cpp(246,12): warning C4566: character represented by universal-character-name '\u041A' cannot be represented in the current code page (1252)
C:\Users\asus\source\repos\ClientBank\ClientBank\ClientBank.cpp(247,12): warning C4566: character represented by universal-character-name '\u255A' cannot be represented in the current code page (1252)
C:\Users\asus\source\repos\ClientBank\ClientBank\ClientBank.cpp(247,12): warning C4566: character represented by universal-character-name '\u2550' cannot be represented in the current code page (1252)
C:\Users\asus\source\repos\ClientBank\ClientBank\ClientBank.cpp(247,12): warning C4566: character represented by universal-character-name '\u255D' cannot be represented in the current code page (1252)
C:\Users\asus\source\repos\ClientBank\ClientBank\ClientBank.cpp(252,12): warning C4566: character represented by universal-character-name '\u0414' cannot be represented in the current code page (1252)
C:\Users\asus\source\repos\ClientBank\ClientBank\ClientBank.cpp(252,12): warning C4566: character represented by universal-character-name '\u043E' cannot be represented in the current code page (1252)
C:\Users\asus\source\repos\ClientBank\ClientBank\ClientBank.cpp(252,12): warning C4566: character represented by universal-character-name '\u0431' cannot be represented in the current code page (1252)
C:\Users\asus\source\repos\ClientBank\ClientBank\ClientBank.cpp(252,12): warning C4566: character represented by universal-character-name '\u0430' cannot be represented in the current code page (1252)
C:\Users\asus\source\repos\ClientBank\ClientBank\ClientBank.cpp(252,12): warning C4566: character represented by universal-character-name '\u0432' cannot be represented in the current code page (1252)
C:\Users\asus\source\repos\ClientBank\ClientBank\ClientBank.cpp(252,12): warning C4566: character represented by universal-character-name '\u044F' cannot be represented in the current code page (1252)
C:\Users\asus\source\repos\ClientBank\ClientBank\ClientBank.cpp(252,12): warning C4566: character represented by universal-character-name '\u043D' cannot be represented in the current code page (1252)
C:\Users\asus\source\repos\ClientBank\ClientBank\ClientBank.cpp(252,12): warning C4566: character represented by universal-character-name '\u0435' cannot be represented in the current code page (1252)
C:\Users\asus\source\repos\ClientBank\ClientBank\ClientBank.cpp(252,12): warning C4566: character represented by universal-character-name '\u043A' cannot be represented in the current code page (1252)
C:\Users\asus\source\repos\ClientBank\ClientBank\ClientBank.cpp(252,12): warning C4566: character represented by universal-character-name '\u043B' cannot be represented in the current code page (1252)
C:\Users\asus\source\repos\ClientBank\ClientBank\ClientBank.cpp(252,12): warning C4566: character represented by universal-character-name '\u0438' cannot be represented in the current code page (1252)
C:\Users\asus\source\repos\ClientBank\ClientBank\ClientBank.cpp(252,12): warning C4566: character represented by universal-character-name '\u0442' cannot be represented in the current code page (1252)
C:\Users\asus\source\repos\ClientBank\ClientBank\ClientBank.cpp(254,24): warning C4566: character represented by universal-character-name '\u0418' cannot be represented in the current code page (1252)
C:\Users\asus\source\repos\ClientBank\ClientBank\ClientBank.cpp(254,24): warning C4566: character represented by universal-character-name '\u0432' cannot be represented in the current code page (1252)
C:\Users\asus\source\repos\ClientBank\ClientBank\ClientBank.cpp(254,24): warning C4566: character represented by universal-character-name '\u0430' cannot be represented in the current code page (1252)
C:\Users\asus\source\repos\ClientBank\ClientBank\ClientBank.cpp(254,24): warning C4566: character represented by universal-character-name '\u043D' cannot be represented in the current code page (1252)
C:\Users\asus\source\repos\ClientBank\ClientBank\ClientBank.cpp(254,36): warning C4566: character represented by universal-character-name '\u041F' cannot be represented in the current code page (1252)
C:\Users\asus\source\repos\ClientBank\ClientBank\ClientBank.cpp(254,36): warning C4566: character represented by universal-character-name '\u0435' cannot be represented in the current code page (1252)
C:\Users\asus\source\repos\ClientBank\ClientBank\ClientBank.cpp(254,36): warning C4566: character represented by universal-character-name '\u0442' cannot be represented in the current code page (1252)
C:\Users\asus\source\repos\ClientBank\ClientBank\ClientBank.cpp(254,36): warning C4566: character represented by universal-character-name '\u0440' cannot be represented in the current code page (1252)
C:\Users\asus\source\repos\ClientBank\ClientBank\ClientBank.cpp(254,36): warning C4566: character represented by universal-character-name '\u043E' cannot be represented in the current code page (1252)
C:\Users\asus\source\repos\ClientBank\ClientBank\ClientBank.cpp(254,36): warning C4566: character represented by universal-character-name '\u0432' cannot be represented in the current code page (1252)
C:\Users\asus\source\repos\ClientBank\ClientBank\ClientBank.cpp(259,24): warning C4566: character represented by universal-character-name '\u041C' cannot be represented in the current code page (1252)
C:\Users\asus\source\repos\ClientBank\ClientBank\ClientBank.cpp(259,24): warning C4566: character represented by universal-character-name '\u0430' cannot be represented in the current code page (1252)
C:\Users\asus\source\repos\ClientBank\ClientBank\ClientBank.cpp(259,24): warning C4566: character represented by universal-character-name '\u0440' cannot be represented in the current code page (1252)
C:\Users\asus\source\repos\ClientBank\ClientBank\ClientBank.cpp(259,24): warning C4566: character represented by universal-character-name '\u0438' cannot be represented in the current code page (1252)
C:\Users\asus\source\repos\ClientBank\ClientBank\ClientBank.cpp(259,24): warning C4566: character represented by universal-character-name '\u044F' cannot be represented in the current code page (1252)
C:\Users\asus\source\repos\ClientBank\ClientBank\ClientBank.cpp(259,38): warning C4566: character represented by universal-character-name '\u0418' cannot be represented in the current code page (1252)
C:\Users\asus\source\repos\ClientBank\ClientBank\ClientBank.cpp(259,38): warning C4566: character represented by universal-character-name '\u0432' cannot be represented in the current code page (1252)
C:\Users\asus\source\repos\ClientBank\ClientBank\ClientBank.cpp(259,38): warning C4566: character represented by universal-character-name '\u0430' cannot be represented in the current code page (1252)
C:\Users\asus\source\repos\ClientBank\ClientBank\ClientBank.cpp(259,38): warning C4566: character represented by universal-character-name '\u043D' cannot be represented in the current code page (1252)
C:\Users\asus\source\repos\ClientBank\ClientBank\ClientBank.cpp(259,38): warning C4566: character represented by universal-character-name '\u043E' cannot be represented in the current code page (1252)
C:\Users\asus\source\repos\ClientBank\ClientBank\ClientBank.cpp(263,24): warning C4566: character represented by universal-character-name '\u041F' cannot be represented in the current code page (1252)
C:\Users\asus\source\repos\ClientBank\ClientBank\ClientBank.cpp(263,24): warning C4566: character represented by universal-character-name '\u0435' cannot be represented in the current code page (1252)
C:\Users\asus\source\repos\ClientBank\ClientBank\ClientBank.cpp(263,24): warning C4566: character represented by universal-character-name '\u0442' cannot be represented in the current code page (1252)
C:\Users\asus\source\repos\ClientBank\ClientBank\ClientBank.cpp(263,24): warning C4566: character represented by universal-character-name '\u044A' cannot be represented in the current code page (1252)
C:\Users\asus\source\repos\ClientBank\ClientBank\ClientBank.cpp(263,24): warning C4566: character represented by universal-character-name '\u0440' cannot be represented in the current code page (1252)
C:\Users\asus\source\repos\ClientBank\ClientBank\ClientBank.cpp(263,38): warning C4566: character represented by universal-character-name '\u0421' cannot be represented in the current code page (1252)
C:\Users\asus\source\repos\ClientBank\ClientBank\ClientBank.cpp(263,38): warning C4566: character represented by universal-character-name '\u0442' cannot be represented in the current code page (1252)
C:\Users\asus\source\repos\ClientBank\ClientBank\ClientBank.cpp(263,38): warning C4566: character represented by universal-character-name '\u043E' cannot be represented in the current code page (1252)
C:\Users\asus\source\repos\ClientBank\ClientBank\ClientBank.cpp(263,38): warning C4566: character represented by universal-character-name '\u0439' cannot be represented in the current code page (1252)
C:\Users\asus\source\repos\ClientBank\ClientBank\ClientBank.cpp(263,38): warning C4566: character represented by universal-character-name '\u0447' cannot be represented in the current code page (1252)
C:\Users\asus\source\repos\ClientBank\ClientBank\ClientBank.cpp(263,38): warning C4566: character represented by universal-character-name '\u0435' cannot be represented in the current code page (1252)
C:\Users\asus\source\repos\ClientBank\ClientBank\ClientBank.cpp(263,38): warning C4566: character represented by universal-character-name '\u0432' cannot be represented in the current code page (1252)
C:\Users\asus\source\repos\ClientBank\ClientBank\ClientBank.cpp(274,12): warning C4566: character represented by universal-character-name '\u0414' cannot be represented in the current code page (1252)
C:\Users\asus\source\repos\ClientBank\ClientBank\ClientBank.cpp(274,12): warning C4566: character represented by universal-character-name '\u0435' cannot be represented in the current code page (1252)
C:\Users\asus\source\repos\ClientBank\ClientBank\ClientBank.cpp(274,12): warning C4566: character represented by universal-character-name '\u043C' cannot be represented in the current code page (1252)
C:\Users\asus\source\repos\ClientBank\ClientBank\ClientBank.cpp(274,12): warning C4566: character represented by universal-character-name '\u043E' cannot be represented in the current code page (1252)
C:\Users\asus\source\repos\ClientBank\ClientBank\ClientBank.cpp(274,12): warning C4566: character represented by universal-character-name '\u043D' cannot be represented in the current code page (1252)
C:\Users\asus\source\repos\ClientBank\ClientBank\ClientBank.cpp(274,12): warning C4566: character represented by universal-character-name '\u0441' cannot be represented in the current code page (1252)
C:\Users\asus\source\repos\ClientBank\ClientBank\ClientBank.cpp(274,12): warning C4566: character represented by universal-character-name '\u0442' cannot be represented in the current code page (1252)
C:\Users\asus\source\repos\ClientBank\ClientBank\ClientBank.cpp(274,12): warning C4566: character represented by universal-character-name '\u0440' cannot be represented in the current code page (1252)
C:\Users\asus\source\repos\ClientBank\ClientBank\ClientBank.cpp(274,12): warning C4566: character represented by universal-character-name '\u0430' cannot be represented in the current code page (1252)
C:\Users\asus\source\repos\ClientBank\ClientBank\ClientBank.cpp(274,12): warning C4566: character represented by universal-character-name '\u0446' cannot be represented in the current code page (1252)
C:\Users\asus\source\repos\ClientBank\ClientBank\ClientBank.cpp(274,12): warning C4566: character represented by universal-character-name '\u0438' cannot be represented in the current code page (1252)
C:\Users\asus\source\repos\ClientBank\ClientBank\ClientBank.cpp(274,12): warning C4566: character represented by universal-character-name '\u044F' cannot be represented in the current code page (1252)
C:\Users\asus\source\repos\ClientBank\ClientBank\ClientBank.cpp(274,12): warning C4566: character represented by universal-character-name '\u043F' cannot be represented in the current code page (1252)
C:\Users\asus\source\repos\ClientBank\ClientBank\ClientBank.cpp(276,12): warning C4566: character represented by universal-character-name '\u0414' cannot be represented in the current code page (1252)
C:\Users\asus\source\repos\ClientBank\ClientBank\ClientBank.cpp(276,12): warning C4566: character represented by universal-character-name '\u0435' cannot be represented in the current code page (1252)
C:\Users\asus\source\repos\ClientBank\ClientBank\ClientBank.cpp(276,12): warning C4566: character represented by universal-character-name '\u043F' cannot be represented in the current code page (1252)
C:\Users\asus\source\repos\ClientBank\ClientBank\ClientBank.cpp(276,12): warning C4566: character represented by universal-character-name '\u043E' cannot be represented in the current code page (1252)
C:\Users\asus\source\repos\ClientBank\ClientBank\ClientBank.cpp(276,12): warning C4566: character represented by universal-character-name '\u0437' cannot be represented in the current code page (1252)
C:\Users\asus\source\repos\ClientBank\ClientBank\ClientBank.cpp(276,12): warning C4566: character represented by universal-character-name '\u0438' cannot be represented in the current code page (1252)
C:\Users\asus\source\repos\ClientBank\ClientBank\ClientBank.cpp(276,12): warning C4566: character represented by universal-character-name '\u0442' cannot be represented in the current code page (1252)
C:\Users\asus\source\repos\ClientBank\ClientBank\ClientBank.cpp(276,12): warning C4566: character represented by universal-character-name '\u043D' cannot be represented in the current code page (1252)
C:\Users\asus\source\repos\ClientBank\ClientBank\ClientBank.cpp(276,12): warning C4566: character represented by universal-character-name '\u0430' cannot be represented in the current code page (1252)
C:\Users\asus\source\repos\ClientBank\ClientBank\ClientBank.cpp(276,12): warning C4566: character represented by universal-character-name '\u0418' cannot be represented in the current code page (1252)
C:\Users\asus\source\repos\ClientBank\ClientBank\ClientBank.cpp(276,12): warning C4566: character represented by universal-character-name '\u0432' cannot be represented in the current code page (1252)
C:\Users\asus\source\repos\ClientBank\ClientBank\ClientBank.cpp(276,12): warning C4566: character represented by universal-character-name '\u041F' cannot be represented in the current code page (1252)
C:\Users\asus\source\repos\ClientBank\ClientBank\ClientBank.cpp(276,12): warning C4566: character represented by universal-character-name '\u0440' cannot be represented in the current code page (1252)
C:\Users\asus\source\repos\ClientBank\ClientBank\ClientBank.cpp(282,12): warning C4566: character represented by universal-character-name '\u0422' cannot be represented in the current code page (1252)
C:\Users\asus\source\repos\ClientBank\ClientBank\ClientBank.cpp(282,12): warning C4566: character represented by universal-character-name '\u0435' cannot be represented in the current code page (1252)
C:\Users\asus\source\repos\ClientBank\ClientBank\ClientBank.cpp(282,12): warning C4566: character represented by universal-character-name '\u0433' cannot be represented in the current code page (1252)
C:\Users\asus\source\repos\ClientBank\ClientBank\ClientBank.cpp(282,12): warning C4566: character represented by universal-character-name '\u043B' cannot be represented in the current code page (1252)
C:\Users\asus\source\repos\ClientBank\ClientBank\ClientBank.cpp(282,12): warning C4566: character represented by universal-character-name '\u043D' cannot be represented in the current code page (1252)
C:\Users\asus\source\repos\ClientBank\ClientBank\ClientBank.cpp(282,12): warning C4566: character represented by universal-character-name '\u0430' cannot be represented in the current code page (1252)
C:\Users\asus\source\repos\ClientBank\ClientBank\ClientBank.cpp(282,12): warning C4566: character represented by universal-character-name '\u041C' cannot be represented in the current code page (1252)
C:\Users\asus\source\repos\ClientBank\ClientBank\ClientBank.cpp(282,12): warning C4566: character represented by universal-character-name '\u0440' cannot be represented in the current code page (1252)
C:\Users\asus\source\repos\ClientBank\ClientBank\ClientBank.cpp(282,12): warning C4566: character represented by universal-character-name '\u0438' cannot be represented in the current code page (1252)
C:\Users\asus\source\repos\ClientBank\ClientBank\ClientBank.cpp(282,12): warning C4566: character represented by universal-character-name '\u044F' cannot be represented in the current code page (1252)
C:\Users\asus\source\repos\ClientBank\ClientBank\ClientBank.cpp(282,12): warning C4566: character represented by universal-character-name '\u0418' cannot be represented in the current code page (1252)
C:\Users\asus\source\repos\ClientBank\ClientBank\ClientBank.cpp(282,12): warning C4566: character represented by universal-character-name '\u0432' cannot be represented in the current code page (1252)
C:\Users\asus\source\repos\ClientBank\ClientBank\ClientBank.cpp(282,12): warning C4566: character represented by universal-character-name '\u043E' cannot be represented in the current code page (1252)
C:\Users\asus\source\repos\ClientBank\ClientBank\ClientBank.cpp(288,12): warning C4566: character represented by universal-character-name '\u041D' cannot be represented in the current code page (1252)
C:\Users\asus\source\repos\ClientBank\ClientBank\ClientBank.cpp(288,12): warning C4566: character represented by universal-character-name '\u0435' cannot be represented in the current code page (1252)
C:\Users\asus\source\repos\ClientBank\ClientBank\ClientBank.cpp(288,12): warning C4566: character represented by universal-character-name '\u0443' cannot be represented in the current code page (1252)
C:\Users\asus\source\repos\ClientBank\ClientBank\ClientBank.cpp(288,12): warning C4566: character represented by universal-character-name '\u0434' cannot be represented in the current code page (1252)
C:\Users\asus\source\repos\ClientBank\ClientBank\ClientBank.cpp(288,12): warning C4566: character represented by universal-character-name '\u0430' cannot be represented in the current code page (1252)
C:\Users\asus\source\repos\ClientBank\ClientBank\ClientBank.cpp(288,12): warning C4566: character represented by universal-character-name '\u0447' cannot be represented in the current code page (1252)
C:\Users\asus\source\repos\ClientBank\ClientBank\ClientBank.cpp(288,12): warning C4566: character represented by universal-character-name '\u043D' cannot be represented in the current code page (1252)
C:\Users\asus\source\repos\ClientBank\ClientBank\ClientBank.cpp(288,12): warning C4566: character represented by universal-character-name '\u043E' cannot be represented in the current code page (1252)
C:\Users\asus\source\repos\ClientBank\ClientBank\ClientBank.cpp(288,12): warning C4566: character represented by universal-character-name '\u043F' cannot be represented in the current code page (1252)
C:\Users\asus\source\repos\ClientBank\ClientBank\ClientBank.cpp(288,12): warning C4566: character represented by universal-character-name '\u0438' cannot be represented in the current code page (1252)
C:\Users\asus\source\repos\ClientBank\ClientBank\ClientBank.cpp(288,12): warning C4566: character represented by universal-character-name '\u0442' cannot be represented in the current code page (1252)
C:\Users\asus\source\repos\ClientBank\ClientBank\ClientBank.cpp(288,12): warning C4566: character represented by universal-character-name '\u0437' cannot be represented in the current code page (1252)
C:\Users\asus\source\repos\ClientBank\ClientBank\ClientBank.cpp(288,12): warning C4566: character represented by universal-character-name '\u0433' cannot be represented in the current code page (1252)
C:\Users\asus\source\repos\ClientBank\ClientBank\ClientBank.cpp(288,12): warning C4566: character represented by universal-character-name '\u043B' cannot be represented in the current code page (1252)
C:\Users\asus\source\repos\ClientBank\ClientBank\ClientBank.cpp(288,12): warning C4566: character represented by universal-character-name '\u0441' cannot be represented in the current code page (1252)
C:\Users\asus\source\repos\ClientBank\ClientBank\ClientBank.cpp(288,12): warning C4566: character represented by universal-character-name '\u044A' cannot be represented in the current code page (1252)
C:\Users\asus\source\repos\ClientBank\ClientBank\ClientBank.cpp(288,12): warning C4566: character represented by universal-character-name '\u0440' cannot be represented in the current code page (1252)
C:\Users\asus\source\repos\ClientBank\ClientBank\ClientBank.cpp(288,12): warning C4566: character represented by universal-character-name '\u0432' cannot be represented in the current code page (1252)
C:\Users\asus\source\repos\ClientBank\ClientBank\ClientBank.cpp(298,12): warning C4566: character represented by universal-character-name '\u2713' cannot be represented in the current code page (1252)
C:\Users\asus\source\repos\ClientBank\ClientBank\ClientBank.cpp(298,12): warning C4566: character represented by universal-character-name '\u041F' cannot be represented in the current code page (1252)
C:\Users\asus\source\repos\ClientBank\ClientBank\ClientBank.cpp(298,12): warning C4566: character represented by universal-character-name '\u0440' cannot be represented in the current code page (1252)
C:\Users\asus\source\repos\ClientBank\ClientBank\ClientBank.cpp(298,12): warning C4566: character represented by universal-character-name '\u043E' cannot be represented in the current code page (1252)
C:\Users\asus\source\repos\ClientBank\ClientBank\ClientBank.cpp(298,12): warning C4566: character represented by universal-character-name '\u0433' cannot be represented in the current code page (1252)
C:\Users\asus\source\repos\ClientBank\ClientBank\ClientBank.cpp(298,12): warning C4566: character represented by universal-character-name '\u0430' cannot be represented in the current code page (1252)
C:\Users\asus\source\repos\ClientBank\ClientBank\ClientBank.cpp(298,12): warning C4566: character represented by universal-character-name '\u043C' cannot be represented in the current code page (1252)
C:\Users\asus\source\repos\ClientBank\ClientBank\ClientBank.cpp(298,12): warning C4566: character represented by universal-character-name '\u0442' cannot be represented in the current code page (1252)
C:\Users\asus\source\repos\ClientBank\ClientBank\ClientBank.cpp(298,12): warning C4566: character represented by universal-character-name '\u0437' cannot be represented in the current code page (1252)
C:\Users\asus\source\repos\ClientBank\ClientBank\ClientBank.cpp(298,12): warning C4566: character represented by universal-character-name '\u0432' cannot be represented in the current code page (1252)
C:\Users\asus\source\repos\ClientBank\ClientBank\ClientBank.cpp(298,12): warning C4566: character represented by universal-character-name '\u044A' cannot be represented in the current code page (1252)
C:\Users\asus\source\repos\ClientBank\ClientBank\ClientBank.cpp(298,12): warning C4566: character represented by universal-character-name '\u0448' cannot be represented in the current code page (1252)
C:\Users\asus\source\repos\ClientBank\ClientBank\ClientBank.cpp(298,12): warning C4566: character represented by universal-character-name '\u0438' cannot be represented in the current code page (1252)
C:\Users\asus\source\repos\ClientBank\ClientBank\ClientBank.cpp(298,12): warning C4566: character represented by universal-character-name '\u0443' cannot be represented in the current code page (1252)
C:\Users\asus\source\repos\ClientBank\ClientBank\ClientBank.cpp(298,12): warning C4566: character represented by universal-character-name '\u0441' cannot be represented in the current code page (1252)
C:\Users\asus\source\repos\ClientBank\ClientBank\ClientBank.cpp(298,12): warning C4566: character represented by universal-character-name '\u043F' cannot be represented in the current code page (1252)
C:\Users\asus\source\repos\ClientBank\ClientBank\ClientBank.cpp(298,12): warning C4566: character represented by universal-character-name '\u0435' cannot be represented in the current code page (1252)
C:\Users\asus\source\repos\ClientBank\ClientBank\ClientBank.cpp(298,12): warning C4566: character represented by universal-character-name '\u043D' cannot be represented in the current code page (1252)
  ClientBank.vcxproj -> C:\Users\asus\source\repos\ClientBank\x64\Debug\ClientBank.exe
  'pwsh.exe' is not recognized as an internal or external command,
  operable program or batch file.
